
> nodeapi@1.0.0 dev /Users/hannah/Desktop/node_react/nodeapi
> nodemon app.js

[33m[nodemon] 1.19.1[39m
[33m[nodemon] to restart at any time, enter `rs`[39m
[33m[nodemon] watching: *.*[39m
[32m[nodemon] starting `node app.js`[39m
A node js api is listening on port 8080
DB Connected
[0mOPTIONS /user/follow [32m204 [0m2.060 ms - 0[0m
id:  follow
req body:  IncomingMessage {
  _readableState:
   ReadableState {
     objectMode: false,
     highWaterMark: 16384,
     buffer: BufferList { head: null, tail: null, length: 0 },
     length: 0,
     pipes: null,
     pipesCount: 0,
     flowing: true,
     ended: true,
     endEmitted: true,
     reading: false,
     sync: false,
     needReadable: false,
     emittedReadable: false,
     readableListening: false,
     resumeScheduled: false,
     paused: false,
     emitClose: true,
     autoDestroy: false,
     destroyed: false,
     defaultEncoding: 'utf8',
     awaitDrain: 0,
     readingMore: false,
     decoder: null,
     encoding: null },
  readable: false,
  _events:
   [Object: null prototype] { end: [Function: resetHeadersTimeoutOnReqEnd] },
  _eventsCount: 1,
  _maxListeners: undefined,
  socket:
   Socket {
     connecting: false,
     _hadError: false,
     _handle:
      TCP {
        reading: true,
        onread: [Function: onStreamRead],
        onconnection: null,
        _consumed: true,
        [Symbol(owner)]: [Circular] },
     _parent: null,
     _host: null,
     _readableState:
      ReadableState {
        objectMode: false,
        highWaterMark: 16384,
        buffer: BufferList { head: null, tail: null, length: 0 },
        length: 0,
        pipes: null,
        pipesCount: 0,
        flowing: true,
        ended: false,
        endEmitted: false,
        reading: true,
        sync: false,
        needReadable: true,
        emittedReadable: false,
        readableListening: false,
        resumeScheduled: false,
        paused: false,
        emitClose: false,
        autoDestroy: false,
        destroyed: false,
        defaultEncoding: 'utf8',
        awaitDrain: 0,
        readingMore: false,
        decoder: null,
        encoding: null },
     readable: true,
     _events:
      [Object: null prototype] {
        end: [Array],
        drain: [Array],
        timeout: [Function: socketOnTimeout],
        data: [Function: bound socketOnData],
        error: [Array],
        close: [Array],
        resume: [Function: onSocketResume],
        pause: [Function: onSocketPause] },
     _eventsCount: 8,
     _maxListeners: undefined,
     _writableState:
      WritableState {
        objectMode: false,
        highWaterMark: 16384,
        finalCalled: false,
        needDrain: false,
        ending: false,
        ended: false,
        finished: false,
        destroyed: false,
        decodeStrings: false,
        defaultEncoding: 'utf8',
        length: 0,
        writing: false,
        corked: 0,
        sync: false,
        bufferProcessing: false,
        onwrite: [Function: bound onwrite],
        writecb: null,
        writelen: 0,
        bufferedRequest: null,
        lastBufferedRequest: null,
        pendingcb: 0,
        prefinished: false,
        errorEmitted: false,
        emitClose: false,
        autoDestroy: false,
        bufferedRequestCount: 0,
        corkedRequestsFree: [Object] },
     writable: true,
     allowHalfOpen: true,
     _sockname: null,
     _pendingData: null,
     _pendingEncoding: '',
     server:
      Server {
        _events: [Object],
        _eventsCount: 2,
        _maxListeners: undefined,
        _connections: 1,
        _handle: [TCP],
        _usingWorkers: false,
        _workers: [],
        _unref: false,
        allowHalfOpen: true,
        pauseOnConnect: false,
        httpAllowHalfOpen: false,
        timeout: 120000,
        keepAliveTimeout: 5000,
        maxHeadersCount: null,
        headersTimeout: 40000,
        _connectionKey: '6::::8080',
        [Symbol(IncomingMessage)]: [Function],
        [Symbol(ServerResponse)]: [Function],
        [Symbol(asyncId)]: 10 },
     _server:
      Server {
        _events: [Object],
        _eventsCount: 2,
        _maxListeners: undefined,
        _connections: 1,
        _handle: [TCP],
        _usingWorkers: false,
        _workers: [],
        _unref: false,
        allowHalfOpen: true,
        pauseOnConnect: false,
        httpAllowHalfOpen: false,
        timeout: 120000,
        keepAliveTimeout: 5000,
        maxHeadersCount: null,
        headersTimeout: 40000,
        _connectionKey: '6::::8080',
        [Symbol(IncomingMessage)]: [Function],
        [Symbol(ServerResponse)]: [Function],
        [Symbol(asyncId)]: 10 },
     timeout: 120000,
     parser:
      HTTPParser {
        '0': [Function: parserOnHeaders],
        '1': [Function: parserOnHeadersComplete],
        '2': [Function: parserOnBody],
        '3': [Function: parserOnMessageComplete],
        '4': [Function: bound onParserExecute],
        _headers: [],
        _url: '',
        socket: [Circular],
        incoming: [Circular],
        outgoing: null,
        maxHeaderPairs: 2000,
        _consumed: true,
        onIncoming: [Function: bound parserOnIncoming],
        parsingHeadersStart: 1576741875586,
        [Symbol(isReused)]: false },
     on: [Function: socketOnWrap],
     _paused: false,
     _httpMessage:
      ServerResponse {
        _events: [Object],
        _eventsCount: 2,
        _maxListeners: undefined,
        output: [],
        outputEncodings: [],
        outputCallbacks: [],
        outputSize: 0,
        writable: true,
        _last: false,
        chunkedEncoding: false,
        shouldKeepAlive: true,
        useChunkedEncodingByDefault: true,
        sendDate: true,
        _removedConnection: false,
        _removedContLen: false,
        _removedTE: false,
        _contentLength: null,
        _hasBody: true,
        _trailer: '',
        finished: false,
        _headerSent: false,
        socket: [Circular],
        connection: [Circular],
        _header: null,
        _onPendingData: [Function: bound updateOutgoingData],
        _sent100: false,
        _expect_continue: false,
        req: [Circular],
        locals: [Object: null prototype] {},
        _startAt: undefined,
        _startTime: undefined,
        writeHead: [Function: writeHead],
        __onFinished: [Function],
        [Symbol(isCorked)]: false,
        [Symbol(outHeadersKey)]: [Object] },
     _peername: { address: '::1', family: 'IPv6', port: 60553 },
     [Symbol(asyncId)]: 124,
     [Symbol(lastWriteQueueSize)]: 0,
     [Symbol(timeout)]:
      Timeout {
        _called: false,
        _idleTimeout: 120000,
        _idlePrev: [TimersList],
        _idleNext: [TimersList],
        _idleStart: 10327,
        _onTimeout: [Function: bound ],
        _timerArgs: undefined,
        _repeat: null,
        _destroyed: false,
        [Symbol(unrefed)]: true,
        [Symbol(asyncId)]: 141,
        [Symbol(triggerId)]: 127 },
     [Symbol(kBytesRead)]: 0,
     [Symbol(kBytesWritten)]: 0 },
  connection:
   Socket {
     connecting: false,
     _hadError: false,
     _handle:
      TCP {
        reading: true,
        onread: [Function: onStreamRead],
        onconnection: null,
        _consumed: true,
        [Symbol(owner)]: [Circular] },
     _parent: null,
     _host: null,
     _readableState:
      ReadableState {
        objectMode: false,
        highWaterMark: 16384,
        buffer: BufferList { head: null, tail: null, length: 0 },
        length: 0,
        pipes: null,
        pipesCount: 0,
        flowing: true,
        ended: false,
        endEmitted: false,
        reading: true,
        sync: false,
        needReadable: true,
        emittedReadable: false,
        readableListening: false,
        resumeScheduled: false,
        paused: false,
        emitClose: false,
        autoDestroy: false,
        destroyed: false,
        defaultEncoding: 'utf8',
        awaitDrain: 0,
        readingMore: false,
        decoder: null,
        encoding: null },
     readable: true,
     _events:
      [Object: null prototype] {
        end: [Array],
        drain: [Array],
        timeout: [Function: socketOnTimeout],
        data: [Function: bound socketOnData],
        error: [Array],
        close: [Array],
        resume: [Function: onSocketResume],
        pause: [Function: onSocketPause] },
     _eventsCount: 8,
     _maxListeners: undefined,
     _writableState:
      WritableState {
        objectMode: false,
        highWaterMark: 16384,
        finalCalled: false,
        needDrain: false,
        ending: false,
        ended: false,
        finished: false,
        destroyed: false,
        decodeStrings: false,
        defaultEncoding: 'utf8',
        length: 0,
        writing: false,
        corked: 0,
        sync: false,
        bufferProcessing: false,
        onwrite: [Function: bound onwrite],
        writecb: null,
        writelen: 0,
        bufferedRequest: null,
        lastBufferedRequest: null,
        pendingcb: 0,
        prefinished: false,
        errorEmitted: false,
        emitClose: false,
        autoDestroy: false,
        bufferedRequestCount: 0,
        corkedRequestsFree: [Object] },
     writable: true,
     allowHalfOpen: true,
     _sockname: null,
     _pendingData: null,
     _pendingEncoding: '',
     server:
      Server {
        _events: [Object],
        _eventsCount: 2,
        _maxListeners: undefined,
        _connections: 1,
        _handle: [TCP],
        _usingWorkers: false,
        _workers: [],
        _unref: false,
        allowHalfOpen: true,
        pauseOnConnect: false,
        httpAllowHalfOpen: false,
        timeout: 120000,
        keepAliveTimeout: 5000,
        maxHeadersCount: null,
        headersTimeout: 40000,
        _connectionKey: '6::::8080',
        [Symbol(IncomingMessage)]: [Function],
        [Symbol(ServerResponse)]: [Function],
        [Symbol(asyncId)]: 10 },
     _server:
      Server {
        _events: [Object],
        _eventsCount: 2,
        _maxListeners: undefined,
        _connections: 1,
        _handle: [TCP],
        _usingWorkers: false,
        _workers: [],
        _unref: false,
        allowHalfOpen: true,
        pauseOnConnect: false,
        httpAllowHalfOpen: false,
        timeout: 120000,
        keepAliveTimeout: 5000,
        maxHeadersCount: null,
        headersTimeout: 40000,
        _connectionKey: '6::::8080',
        [Symbol(IncomingMessage)]: [Function],
        [Symbol(ServerResponse)]: [Function],
        [Symbol(asyncId)]: 10 },
     timeout: 120000,
     parser:
      HTTPParser {
        '0': [Function: parserOnHeaders],
        '1': [Function: parserOnHeadersComplete],
        '2': [Function: parserOnBody],
        '3': [Function: parserOnMessageComplete],
        '4': [Function: bound onParserExecute],
        _headers: [],
        _url: '',
        socket: [Circular],
        incoming: [Circular],
        outgoing: null,
        maxHeaderPairs: 2000,
        _consumed: true,
        onIncoming: [Function: bound parserOnIncoming],
        parsingHeadersStart: 1576741875586,
        [Symbol(isReused)]: false },
     on: [Function: socketOnWrap],
     _paused: false,
     _httpMessage:
      ServerResponse {
        _events: [Object],
        _eventsCount: 2,
        _maxListeners: undefined,
        output: [],
        outputEncodings: [],
        outputCallbacks: [],
        outputSize: 0,
        writable: true,
        _last: false,
        chunkedEncoding: false,
        shouldKeepAlive: true,
        useChunkedEncodingByDefault: true,
        sendDate: true,
        _removedConnection: false,
        _removedContLen: false,
        _removedTE: false,
        _contentLength: null,
        _hasBody: true,
        _trailer: '',
        finished: false,
        _headerSent: false,
        socket: [Circular],
        connection: [Circular],
        _header: null,
        _onPendingData: [Function: bound updateOutgoingData],
        _sent100: false,
        _expect_continue: false,
        req: [Circular],
        locals: [Object: null prototype] {},
        _startAt: undefined,
        _startTime: undefined,
        writeHead: [Function: writeHead],
        __onFinished: [Function],
        [Symbol(isCorked)]: false,
        [Symbol(outHeadersKey)]: [Object] },
     _peername: { address: '::1', family: 'IPv6', port: 60553 },
     [Symbol(asyncId)]: 124,
     [Symbol(lastWriteQueueSize)]: 0,
     [Symbol(timeout)]:
      Timeout {
        _called: false,
        _idleTimeout: 120000,
        _idlePrev: [TimersList],
        _idleNext: [TimersList],
        _idleStart: 10327,
        _onTimeout: [Function: bound ],
        _timerArgs: undefined,
        _repeat: null,
        _destroyed: false,
        [Symbol(unrefed)]: true,
        [Symbol(asyncId)]: 141,
        [Symbol(triggerId)]: 127 },
     [Symbol(kBytesRead)]: 0,
     [Symbol(kBytesWritten)]: 0 },
  httpVersionMajor: 1,
  httpVersionMinor: 1,
  httpVersion: '1.1',
  complete: true,
  headers:
   { host: 'localhost:8080',
     connection: 'keep-alive',
     'content-length': '75',
     accept: 'application/json',
     origin: 'http://evil.com/',
     authorization:
      'Bearer eyJhbGciOiJIUzI1NiIsInR5cCI6IkpXVCJ9.eyJfaWQiOiI1ZGY5YWNjMGQ0NzI0ZjE1MzZlZGEzZTkiLCJpYXQiOjE1NzY2NDM3ODl9.XpvWPMyEnFITdYPW3prKNMKKOPGl1PdzYbq3r28kGBI',
     'user-agent':
      'Mozilla/5.0 (Macintosh; Intel Mac OS X 10_14_6) AppleWebKit/537.36 (KHTML, like Gecko) Chrome/78.0.3904.108 Safari/537.36',
     dnt: '1',
     'content-type': 'application/json',
     'sec-fetch-site': 'same-site',
     'sec-fetch-mode': 'cors',
     referer: 'http://localhost:3000/user/5dba7b69fa83c53ab136f1d3',
     'accept-encoding': 'gzip, deflate, br',
     'accept-language': 'en-US,en;q=0.9,zh-CN;q=0.8,zh;q=0.7' },
  rawHeaders:
   [ 'Host',
     'localhost:8080',
     'Connection',
     'keep-alive',
     'Content-Length',
     '75',
     'Accept',
     'application/json',
     'Origin',
     'http://evil.com/',
     'Authorization',
     'Bearer eyJhbGciOiJIUzI1NiIsInR5cCI6IkpXVCJ9.eyJfaWQiOiI1ZGY5YWNjMGQ0NzI0ZjE1MzZlZGEzZTkiLCJpYXQiOjE1NzY2NDM3ODl9.XpvWPMyEnFITdYPW3prKNMKKOPGl1PdzYbq3r28kGBI',
     'User-Agent',
     'Mozilla/5.0 (Macintosh; Intel Mac OS X 10_14_6) AppleWebKit/537.36 (KHTML, like Gecko) Chrome/78.0.3904.108 Safari/537.36',
     'DNT',
     '1',
     'Content-Type',
     'application/json',
     'Sec-Fetch-Site',
     'same-site',
     'Sec-Fetch-Mode',
     'cors',
     'Referer',
     'http://localhost:3000/user/5dba7b69fa83c53ab136f1d3',
     'Accept-Encoding',
     'gzip, deflate, br',
     'Accept-Language',
     'en-US,en;q=0.9,zh-CN;q=0.8,zh;q=0.7' ],
  trailers: {},
  rawTrailers: [],
  aborted: false,
  upgrade: false,
  url: '/user/follow',
  method: 'PUT',
  statusCode: null,
  statusMessage: null,
  client:
   Socket {
     connecting: false,
     _hadError: false,
     _handle:
      TCP {
        reading: true,
        onread: [Function: onStreamRead],
        onconnection: null,
        _consumed: true,
        [Symbol(owner)]: [Circular] },
     _parent: null,
     _host: null,
     _readableState:
      ReadableState {
        objectMode: false,
        highWaterMark: 16384,
        buffer: BufferList { head: null, tail: null, length: 0 },
        length: 0,
        pipes: null,
        pipesCount: 0,
        flowing: true,
        ended: false,
        endEmitted: false,
        reading: true,
        sync: false,
        needReadable: true,
        emittedReadable: false,
        readableListening: false,
        resumeScheduled: false,
        paused: false,
        emitClose: false,
        autoDestroy: false,
        destroyed: false,
        defaultEncoding: 'utf8',
        awaitDrain: 0,
        readingMore: false,
        decoder: null,
        encoding: null },
     readable: true,
     _events:
      [Object: null prototype] {
        end: [Array],
        drain: [Array],
        timeout: [Function: socketOnTimeout],
        data: [Function: bound socketOnData],
        error: [Array],
        close: [Array],
        resume: [Function: onSocketResume],
        pause: [Function: onSocketPause] },
     _eventsCount: 8,
     _maxListeners: undefined,
     _writableState:
      WritableState {
        objectMode: false,
        highWaterMark: 16384,
        finalCalled: false,
        needDrain: false,
        ending: false,
        ended: false,
        finished: false,
        destroyed: false,
        decodeStrings: false,
        defaultEncoding: 'utf8',
        length: 0,
        writing: false,
        corked: 0,
        sync: false,
        bufferProcessing: false,
        onwrite: [Function: bound onwrite],
        writecb: null,
        writelen: 0,
        bufferedRequest: null,
        lastBufferedRequest: null,
        pendingcb: 0,
        prefinished: false,
        errorEmitted: false,
        emitClose: false,
        autoDestroy: false,
        bufferedRequestCount: 0,
        corkedRequestsFree: [Object] },
     writable: true,
     allowHalfOpen: true,
     _sockname: null,
     _pendingData: null,
     _pendingEncoding: '',
     server:
      Server {
        _events: [Object],
        _eventsCount: 2,
        _maxListeners: undefined,
        _connections: 1,
        _handle: [TCP],
        _usingWorkers: false,
        _workers: [],
        _unref: false,
        allowHalfOpen: true,
        pauseOnConnect: false,
        httpAllowHalfOpen: false,
        timeout: 120000,
        keepAliveTimeout: 5000,
        maxHeadersCount: null,
        headersTimeout: 40000,
        _connectionKey: '6::::8080',
        [Symbol(IncomingMessage)]: [Function],
        [Symbol(ServerResponse)]: [Function],
        [Symbol(asyncId)]: 10 },
     _server:
      Server {
        _events: [Object],
        _eventsCount: 2,
        _maxListeners: undefined,
        _connections: 1,
        _handle: [TCP],
        _usingWorkers: false,
        _workers: [],
        _unref: false,
        allowHalfOpen: true,
        pauseOnConnect: false,
        httpAllowHalfOpen: false,
        timeout: 120000,
        keepAliveTimeout: 5000,
        maxHeadersCount: null,
        headersTimeout: 40000,
        _connectionKey: '6::::8080',
        [Symbol(IncomingMessage)]: [Function],
        [Symbol(ServerResponse)]: [Function],
        [Symbol(asyncId)]: 10 },
     timeout: 120000,
     parser:
      HTTPParser {
        '0': [Function: parserOnHeaders],
        '1': [Function: parserOnHeadersComplete],
        '2': [Function: parserOnBody],
        '3': [Function: parserOnMessageComplete],
        '4': [Function: bound onParserExecute],
        _headers: [],
        _url: '',
        socket: [Circular],
        incoming: [Circular],
        outgoing: null,
        maxHeaderPairs: 2000,
        _consumed: true,
        onIncoming: [Function: bound parserOnIncoming],
        parsingHeadersStart: 1576741875586,
        [Symbol(isReused)]: false },
     on: [Function: socketOnWrap],
     _paused: false,
     _httpMessage:
      ServerResponse {
        _events: [Object],
        _eventsCount: 2,
        _maxListeners: undefined,
        output: [],
        outputEncodings: [],
        outputCallbacks: [],
        outputSize: 0,
        writable: true,
        _last: false,
        chunkedEncoding: false,
        shouldKeepAlive: true,
        useChunkedEncodingByDefault: true,
        sendDate: true,
        _removedConnection: false,
        _removedContLen: false,
        _removedTE: false,
        _contentLength: null,
        _hasBody: true,
        _trailer: '',
        finished: false,
        _headerSent: false,
        socket: [Circular],
        connection: [Circular],
        _header: null,
        _onPendingData: [Function: bound updateOutgoingData],
        _sent100: false,
        _expect_continue: false,
        req: [Circular],
        locals: [Object: null prototype] {},
        _startAt: undefined,
        _startTime: undefined,
        writeHead: [Function: writeHead],
        __onFinished: [Function],
        [Symbol(isCorked)]: false,
        [Symbol(outHeadersKey)]: [Object] },
     _peername: { address: '::1', family: 'IPv6', port: 60553 },
     [Symbol(asyncId)]: 124,
     [Symbol(lastWriteQueueSize)]: 0,
     [Symbol(timeout)]:
      Timeout {
        _called: false,
        _idleTimeout: 120000,
        _idlePrev: [TimersList],
        _idleNext: [TimersList],
        _idleStart: 10327,
        _onTimeout: [Function: bound ],
        _timerArgs: undefined,
        _repeat: null,
        _destroyed: false,
        [Symbol(unrefed)]: true,
        [Symbol(asyncId)]: 141,
        [Symbol(triggerId)]: 127 },
     [Symbol(kBytesRead)]: 0,
     [Symbol(kBytesWritten)]: 0 },
  _consuming: true,
  _dumped: false,
  next: [Function: next],
  baseUrl: '',
  originalUrl: '/user/follow',
  _parsedUrl:
   Url {
     protocol: null,
     slashes: null,
     auth: null,
     host: null,
     port: null,
     hostname: null,
     hash: null,
     search: null,
     query: null,
     pathname: '/user/follow',
     path: '/user/follow',
     href: '/user/follow',
     _raw: '/user/follow' },
  params: { userId: 'follow' },
  query: {},
  res:
   ServerResponse {
     _events:
      [Object: null prototype] { finish: [Array], end: [Function: onevent] },
     _eventsCount: 2,
     _maxListeners: undefined,
     output: [],
     outputEncodings: [],
     outputCallbacks: [],
     outputSize: 0,
     writable: true,
     _last: false,
     chunkedEncoding: false,
     shouldKeepAlive: true,
     useChunkedEncodingByDefault: true,
     sendDate: true,
     _removedConnection: false,
     _removedContLen: false,
     _removedTE: false,
     _contentLength: null,
     _hasBody: true,
     _trailer: '',
     finished: false,
     _headerSent: false,
     socket:
      Socket {
        connecting: false,
        _hadError: false,
        _handle: [TCP],
        _parent: null,
        _host: null,
        _readableState: [ReadableState],
        readable: true,
        _events: [Object],
        _eventsCount: 8,
        _maxListeners: undefined,
        _writableState: [WritableState],
        writable: true,
        allowHalfOpen: true,
        _sockname: null,
        _pendingData: null,
        _pendingEncoding: '',
        server: [Server],
        _server: [Server],
        timeout: 120000,
        parser: [HTTPParser],
        on: [Function: socketOnWrap],
        _paused: false,
        _httpMessage: [Circular],
        _peername: [Object],
        [Symbol(asyncId)]: 124,
        [Symbol(lastWriteQueueSize)]: 0,
        [Symbol(timeout)]:
         Timeout {
           _called: false,
           _idleTimeout: 120000,
           _idlePrev: [TimersList],
           _idleNext: [TimersList],
           _idleStart: 10327,
           _onTimeout: [Function: bound ],
           _timerArgs: undefined,
           _repeat: null,
           _destroyed: false,
           [Symbol(unrefed)]: true,
           [Symbol(asyncId)]: 141,
           [Symbol(triggerId)]: 127 },
        [Symbol(kBytesRead)]: 0,
        [Symbol(kBytesWritten)]: 0 },
     connection:
      Socket {
        connecting: false,
        _hadError: false,
        _handle: [TCP],
        _parent: null,
        _host: null,
        _readableState: [ReadableState],
        readable: true,
        _events: [Object],
        _eventsCount: 8,
        _maxListeners: undefined,
        _writableState: [WritableState],
        writable: true,
        allowHalfOpen: true,
        _sockname: null,
        _pendingData: null,
        _pendingEncoding: '',
        server: [Server],
        _server: [Server],
        timeout: 120000,
        parser: [HTTPParser],
        on: [Function: socketOnWrap],
        _paused: false,
        _httpMessage: [Circular],
        _peername: [Object],
        [Symbol(asyncId)]: 124,
        [Symbol(lastWriteQueueSize)]: 0,
        [Symbol(timeout)]:
         Timeout {
           _called: false,
           _idleTimeout: 120000,
           _idlePrev: [TimersList],
           _idleNext: [TimersList],
           _idleStart: 10327,
           _onTimeout: [Function: bound ],
           _timerArgs: undefined,
           _repeat: null,
           _destroyed: false,
           [Symbol(unrefed)]: true,
           [Symbol(asyncId)]: 141,
           [Symbol(triggerId)]: 127 },
        [Symbol(kBytesRead)]: 0,
        [Symbol(kBytesWritten)]: 0 },
     _header: null,
     _onPendingData: [Function: bound updateOutgoingData],
     _sent100: false,
     _expect_continue: false,
     req: [Circular],
     locals: [Object: null prototype] {},
     _startAt: undefined,
     _startTime: undefined,
     writeHead: [Function: writeHead],
     __onFinished: { [Function: listener] queue: [Array] },
     [Symbol(isCorked)]: false,
     [Symbol(outHeadersKey)]:
      [Object: null prototype] {
        'x-powered-by': [Array],
        'access-control-allow-origin': [Array] } },
  _startAt: [ 160770, 865562771 ],
  _startTime: 2019-12-19T07:51:15.604Z,
  _remoteAddress: '::1',
  body:
   { userId: '5df9acc0d4724f1536eda3e9',
     followId: '5dba7b69fa83c53ab136f1d3' },
  _body: true,
  length: undefined,
  secret: undefined,
  cookies: [Object: null prototype] {},
  signedCookies: [Object: null prototype] {},
  _validationCustomMethods: { sanitizers: {}, validators: {} },
  _validationErrors: [],
  _asyncValidationErrors: [],
  validationErrors: [Function],
  asyncValidationErrors: [Function],
  getValidationResult: [Function],
  sanitizeBody: [Function],
  sanitizeParams: [Function],
  sanitizeQuery: [Function],
  sanitizeCookies: [Function],
  sanitizeHeaders: [Function],
  sanitize: [Function],
  checkBody: [Function],
  checkParams: [Function],
  checkQuery: [Function],
  checkCookies: [Function],
  checkHeaders: [Function],
  check: [Function],
  filter: [Function],
  assert: [Function],
  validate: [Function],
  route:
   Route {
     path: '/user/:userId',
     stack: [ [Layer], [Layer] ],
     methods: { put: true } } }
debug-----
[0mPUT /user/follow [33m400 [0m37.852 ms - 26[0m
id:  5dba7b69fa83c53ab136f1d3
req body:  IncomingMessage {
  _readableState:
   ReadableState {
     objectMode: false,
     highWaterMark: 16384,
     buffer: BufferList { head: null, tail: null, length: 0 },
     length: 0,
     pipes: null,
     pipesCount: 0,
     flowing: null,
     ended: false,
     endEmitted: false,
     reading: false,
     sync: true,
     needReadable: false,
     emittedReadable: false,
     readableListening: false,
     resumeScheduled: false,
     paused: true,
     emitClose: true,
     autoDestroy: false,
     destroyed: false,
     defaultEncoding: 'utf8',
     awaitDrain: 0,
     readingMore: true,
     decoder: null,
     encoding: null },
  readable: true,
  _events:
   [Object: null prototype] { end: [Function: resetHeadersTimeoutOnReqEnd] },
  _eventsCount: 1,
  _maxListeners: undefined,
  socket:
   Socket {
     connecting: false,
     _hadError: false,
     _handle:
      TCP {
        reading: true,
        onread: [Function: onStreamRead],
        onconnection: null,
        _consumed: true,
        [Symbol(owner)]: [Circular] },
     _parent: null,
     _host: null,
     _readableState:
      ReadableState {
        objectMode: false,
        highWaterMark: 16384,
        buffer: BufferList { head: null, tail: null, length: 0 },
        length: 0,
        pipes: null,
        pipesCount: 0,
        flowing: true,
        ended: false,
        endEmitted: false,
        reading: true,
        sync: false,
        needReadable: true,
        emittedReadable: false,
        readableListening: false,
        resumeScheduled: false,
        paused: false,
        emitClose: false,
        autoDestroy: false,
        destroyed: false,
        defaultEncoding: 'utf8',
        awaitDrain: 0,
        readingMore: false,
        decoder: null,
        encoding: null },
     readable: true,
     _events:
      [Object: null prototype] {
        end: [Array],
        drain: [Array],
        timeout: [Function: socketOnTimeout],
        data: [Function: bound socketOnData],
        error: [Array],
        close: [Array],
        resume: [Function: onSocketResume],
        pause: [Function: onSocketPause] },
     _eventsCount: 8,
     _maxListeners: undefined,
     _writableState:
      WritableState {
        objectMode: false,
        highWaterMark: 16384,
        finalCalled: false,
        needDrain: false,
        ending: false,
        ended: false,
        finished: false,
        destroyed: false,
        decodeStrings: false,
        defaultEncoding: 'utf8',
        length: 0,
        writing: false,
        corked: 0,
        sync: true,
        bufferProcessing: false,
        onwrite: [Function: bound onwrite],
        writecb: null,
        writelen: 0,
        bufferedRequest: null,
        lastBufferedRequest: null,
        pendingcb: 0,
        prefinished: false,
        errorEmitted: false,
        emitClose: false,
        autoDestroy: false,
        bufferedRequestCount: 0,
        corkedRequestsFree: [Object] },
     writable: true,
     allowHalfOpen: true,
     _sockname: null,
     _pendingData: null,
     _pendingEncoding: '',
     server:
      Server {
        _events: [Object],
        _eventsCount: 2,
        _maxListeners: undefined,
        _connections: 2,
        _handle: [TCP],
        _usingWorkers: false,
        _workers: [],
        _unref: false,
        allowHalfOpen: true,
        pauseOnConnect: false,
        httpAllowHalfOpen: false,
        timeout: 120000,
        keepAliveTimeout: 5000,
        maxHeadersCount: null,
        headersTimeout: 40000,
        _connectionKey: '6::::8080',
        [Symbol(IncomingMessage)]: [Function],
        [Symbol(ServerResponse)]: [Function],
        [Symbol(asyncId)]: 10 },
     _server:
      Server {
        _events: [Object],
        _eventsCount: 2,
        _maxListeners: undefined,
        _connections: 2,
        _handle: [TCP],
        _usingWorkers: false,
        _workers: [],
        _unref: false,
        allowHalfOpen: true,
        pauseOnConnect: false,
        httpAllowHalfOpen: false,
        timeout: 120000,
        keepAliveTimeout: 5000,
        maxHeadersCount: null,
        headersTimeout: 40000,
        _connectionKey: '6::::8080',
        [Symbol(IncomingMessage)]: [Function],
        [Symbol(ServerResponse)]: [Function],
        [Symbol(asyncId)]: 10 },
     timeout: 120000,
     parser:
      HTTPParser {
        '0': [Function: parserOnHeaders],
        '1': [Function: parserOnHeadersComplete],
        '2': [Function: parserOnBody],
        '3': [Function: parserOnMessageComplete],
        '4': [Function: bound onParserExecute],
        _headers: [],
        _url: '',
        socket: [Circular],
        incoming: [Circular],
        outgoing: null,
        maxHeaderPairs: 2000,
        _consumed: true,
        onIncoming: [Function: bound parserOnIncoming],
        parsingHeadersStart: 0,
        [Symbol(isReused)]: false },
     on: [Function: socketOnWrap],
     _paused: false,
     _httpMessage:
      ServerResponse {
        _events: [Object],
        _eventsCount: 2,
        _maxListeners: undefined,
        output: [],
        outputEncodings: [],
        outputCallbacks: [],
        outputSize: 0,
        writable: true,
        _last: false,
        chunkedEncoding: false,
        shouldKeepAlive: true,
        useChunkedEncodingByDefault: true,
        sendDate: true,
        _removedConnection: false,
        _removedContLen: false,
        _removedTE: false,
        _contentLength: null,
        _hasBody: true,
        _trailer: '',
        finished: false,
        _headerSent: false,
        socket: [Circular],
        connection: [Circular],
        _header: null,
        _onPendingData: [Function: bound updateOutgoingData],
        _sent100: false,
        _expect_continue: false,
        req: [Circular],
        locals: [Object: null prototype] {},
        _startAt: undefined,
        _startTime: undefined,
        writeHead: [Function: writeHead],
        __onFinished: [Function],
        [Symbol(isCorked)]: false,
        [Symbol(outHeadersKey)]: [Object] },
     _peername: { address: '::1', family: 'IPv6', port: 60554 },
     [Symbol(asyncId)]: 153,
     [Symbol(lastWriteQueueSize)]: 0,
     [Symbol(timeout)]:
      Timeout {
        _called: false,
        _idleTimeout: 120000,
        _idlePrev: [TimersList],
        _idleNext: [TimersList],
        _idleStart: 10359,
        _onTimeout: [Function: bound ],
        _timerArgs: undefined,
        _repeat: null,
        _destroyed: false,
        [Symbol(unrefed)]: true,
        [Symbol(asyncId)]: 154,
        [Symbol(triggerId)]: 153 },
     [Symbol(kBytesRead)]: 0,
     [Symbol(kBytesWritten)]: 0 },
  connection:
   Socket {
     connecting: false,
     _hadError: false,
     _handle:
      TCP {
        reading: true,
        onread: [Function: onStreamRead],
        onconnection: null,
        _consumed: true,
        [Symbol(owner)]: [Circular] },
     _parent: null,
     _host: null,
     _readableState:
      ReadableState {
        objectMode: false,
        highWaterMark: 16384,
        buffer: BufferList { head: null, tail: null, length: 0 },
        length: 0,
        pipes: null,
        pipesCount: 0,
        flowing: true,
        ended: false,
        endEmitted: false,
        reading: true,
        sync: false,
        needReadable: true,
        emittedReadable: false,
        readableListening: false,
        resumeScheduled: false,
        paused: false,
        emitClose: false,
        autoDestroy: false,
        destroyed: false,
        defaultEncoding: 'utf8',
        awaitDrain: 0,
        readingMore: false,
        decoder: null,
        encoding: null },
     readable: true,
     _events:
      [Object: null prototype] {
        end: [Array],
        drain: [Array],
        timeout: [Function: socketOnTimeout],
        data: [Function: bound socketOnData],
        error: [Array],
        close: [Array],
        resume: [Function: onSocketResume],
        pause: [Function: onSocketPause] },
     _eventsCount: 8,
     _maxListeners: undefined,
     _writableState:
      WritableState {
        objectMode: false,
        highWaterMark: 16384,
        finalCalled: false,
        needDrain: false,
        ending: false,
        ended: false,
        finished: false,
        destroyed: false,
        decodeStrings: false,
        defaultEncoding: 'utf8',
        length: 0,
        writing: false,
        corked: 0,
        sync: true,
        bufferProcessing: false,
        onwrite: [Function: bound onwrite],
        writecb: null,
        writelen: 0,
        bufferedRequest: null,
        lastBufferedRequest: null,
        pendingcb: 0,
        prefinished: false,
        errorEmitted: false,
        emitClose: false,
        autoDestroy: false,
        bufferedRequestCount: 0,
        corkedRequestsFree: [Object] },
     writable: true,
     allowHalfOpen: true,
     _sockname: null,
     _pendingData: null,
     _pendingEncoding: '',
     server:
      Server {
        _events: [Object],
        _eventsCount: 2,
        _maxListeners: undefined,
        _connections: 2,
        _handle: [TCP],
        _usingWorkers: false,
        _workers: [],
        _unref: false,
        allowHalfOpen: true,
        pauseOnConnect: false,
        httpAllowHalfOpen: false,
        timeout: 120000,
        keepAliveTimeout: 5000,
        maxHeadersCount: null,
        headersTimeout: 40000,
        _connectionKey: '6::::8080',
        [Symbol(IncomingMessage)]: [Function],
        [Symbol(ServerResponse)]: [Function],
        [Symbol(asyncId)]: 10 },
     _server:
      Server {
        _events: [Object],
        _eventsCount: 2,
        _maxListeners: undefined,
        _connections: 2,
        _handle: [TCP],
        _usingWorkers: false,
        _workers: [],
        _unref: false,
        allowHalfOpen: true,
        pauseOnConnect: false,
        httpAllowHalfOpen: false,
        timeout: 120000,
        keepAliveTimeout: 5000,
        maxHeadersCount: null,
        headersTimeout: 40000,
        _connectionKey: '6::::8080',
        [Symbol(IncomingMessage)]: [Function],
        [Symbol(ServerResponse)]: [Function],
        [Symbol(asyncId)]: 10 },
     timeout: 120000,
     parser:
      HTTPParser {
        '0': [Function: parserOnHeaders],
        '1': [Function: parserOnHeadersComplete],
        '2': [Function: parserOnBody],
        '3': [Function: parserOnMessageComplete],
        '4': [Function: bound onParserExecute],
        _headers: [],
        _url: '',
        socket: [Circular],
        incoming: [Circular],
        outgoing: null,
        maxHeaderPairs: 2000,
        _consumed: true,
        onIncoming: [Function: bound parserOnIncoming],
        parsingHeadersStart: 0,
        [Symbol(isReused)]: false },
     on: [Function: socketOnWrap],
     _paused: false,
     _httpMessage:
      ServerResponse {
        _events: [Object],
        _eventsCount: 2,
        _maxListeners: undefined,
        output: [],
        outputEncodings: [],
        outputCallbacks: [],
        outputSize: 0,
        writable: true,
        _last: false,
        chunkedEncoding: false,
        shouldKeepAlive: true,
        useChunkedEncodingByDefault: true,
        sendDate: true,
        _removedConnection: false,
        _removedContLen: false,
        _removedTE: false,
        _contentLength: null,
        _hasBody: true,
        _trailer: '',
        finished: false,
        _headerSent: false,
        socket: [Circular],
        connection: [Circular],
        _header: null,
        _onPendingData: [Function: bound updateOutgoingData],
        _sent100: false,
        _expect_continue: false,
        req: [Circular],
        locals: [Object: null prototype] {},
        _startAt: undefined,
        _startTime: undefined,
        writeHead: [Function: writeHead],
        __onFinished: [Function],
        [Symbol(isCorked)]: false,
        [Symbol(outHeadersKey)]: [Object] },
     _peername: { address: '::1', family: 'IPv6', port: 60554 },
     [Symbol(asyncId)]: 153,
     [Symbol(lastWriteQueueSize)]: 0,
     [Symbol(timeout)]:
      Timeout {
        _called: false,
        _idleTimeout: 120000,
        _idlePrev: [TimersList],
        _idleNext: [TimersList],
        _idleStart: 10359,
        _onTimeout: [Function: bound ],
        _timerArgs: undefined,
        _repeat: null,
        _destroyed: false,
        [Symbol(unrefed)]: true,
        [Symbol(asyncId)]: 154,
        [Symbol(triggerId)]: 153 },
     [Symbol(kBytesRead)]: 0,
     [Symbol(kBytesWritten)]: 0 },
  httpVersionMajor: 1,
  httpVersionMinor: 1,
  httpVersion: '1.1',
  complete: false,
  headers:
   { host: 'localhost:8080',
     connection: 'keep-alive',
     'user-agent':
      'Mozilla/5.0 (Macintosh; Intel Mac OS X 10_14_6) AppleWebKit/537.36 (KHTML, like Gecko) Chrome/78.0.3904.108 Safari/537.36',
     dnt: '1',
     accept: 'image/webp,image/apng,image/*,*/*;q=0.8',
     origin: 'http://evil.com/',
     'sec-fetch-site': 'same-site',
     'sec-fetch-mode': 'no-cors',
     referer: 'http://localhost:3000/user/5dba7b69fa83c53ab136f1d3',
     'accept-encoding': 'gzip, deflate, br',
     'accept-language': 'en-US,en;q=0.9,zh-CN;q=0.8,zh;q=0.7' },
  rawHeaders:
   [ 'Host',
     'localhost:8080',
     'Connection',
     'keep-alive',
     'User-Agent',
     'Mozilla/5.0 (Macintosh; Intel Mac OS X 10_14_6) AppleWebKit/537.36 (KHTML, like Gecko) Chrome/78.0.3904.108 Safari/537.36',
     'DNT',
     '1',
     'Accept',
     'image/webp,image/apng,image/*,*/*;q=0.8',
     'origin',
     'http://evil.com/',
     'Sec-Fetch-Site',
     'same-site',
     'Sec-Fetch-Mode',
     'no-cors',
     'Referer',
     'http://localhost:3000/user/5dba7b69fa83c53ab136f1d3',
     'Accept-Encoding',
     'gzip, deflate, br',
     'Accept-Language',
     'en-US,en;q=0.9,zh-CN;q=0.8,zh;q=0.7' ],
  trailers: {},
  rawTrailers: [],
  aborted: false,
  upgrade: false,
  url: '/user/photo/5dba7b69fa83c53ab136f1d3?1576741875649',
  method: 'GET',
  statusCode: null,
  statusMessage: null,
  client:
   Socket {
     connecting: false,
     _hadError: false,
     _handle:
      TCP {
        reading: true,
        onread: [Function: onStreamRead],
        onconnection: null,
        _consumed: true,
        [Symbol(owner)]: [Circular] },
     _parent: null,
     _host: null,
     _readableState:
      ReadableState {
        objectMode: false,
        highWaterMark: 16384,
        buffer: BufferList { head: null, tail: null, length: 0 },
        length: 0,
        pipes: null,
        pipesCount: 0,
        flowing: true,
        ended: false,
        endEmitted: false,
        reading: true,
        sync: false,
        needReadable: true,
        emittedReadable: false,
        readableListening: false,
        resumeScheduled: false,
        paused: false,
        emitClose: false,
        autoDestroy: false,
        destroyed: false,
        defaultEncoding: 'utf8',
        awaitDrain: 0,
        readingMore: false,
        decoder: null,
        encoding: null },
     readable: true,
     _events:
      [Object: null prototype] {
        end: [Array],
        drain: [Array],
        timeout: [Function: socketOnTimeout],
        data: [Function: bound socketOnData],
        error: [Array],
        close: [Array],
        resume: [Function: onSocketResume],
        pause: [Function: onSocketPause] },
     _eventsCount: 8,
     _maxListeners: undefined,
     _writableState:
      WritableState {
        objectMode: false,
        highWaterMark: 16384,
        finalCalled: false,
        needDrain: false,
        ending: false,
        ended: false,
        finished: false,
        destroyed: false,
        decodeStrings: false,
        defaultEncoding: 'utf8',
        length: 0,
        writing: false,
        corked: 0,
        sync: true,
        bufferProcessing: false,
        onwrite: [Function: bound onwrite],
        writecb: null,
        writelen: 0,
        bufferedRequest: null,
        lastBufferedRequest: null,
        pendingcb: 0,
        prefinished: false,
        errorEmitted: false,
        emitClose: false,
        autoDestroy: false,
        bufferedRequestCount: 0,
        corkedRequestsFree: [Object] },
     writable: true,
     allowHalfOpen: true,
     _sockname: null,
     _pendingData: null,
     _pendingEncoding: '',
     server:
      Server {
        _events: [Object],
        _eventsCount: 2,
        _maxListeners: undefined,
        _connections: 2,
        _handle: [TCP],
        _usingWorkers: false,
        _workers: [],
        _unref: false,
        allowHalfOpen: true,
        pauseOnConnect: false,
        httpAllowHalfOpen: false,
        timeout: 120000,
        keepAliveTimeout: 5000,
        maxHeadersCount: null,
        headersTimeout: 40000,
        _connectionKey: '6::::8080',
        [Symbol(IncomingMessage)]: [Function],
        [Symbol(ServerResponse)]: [Function],
        [Symbol(asyncId)]: 10 },
     _server:
      Server {
        _events: [Object],
        _eventsCount: 2,
        _maxListeners: undefined,
        _connections: 2,
        _handle: [TCP],
        _usingWorkers: false,
        _workers: [],
        _unref: false,
        allowHalfOpen: true,
        pauseOnConnect: false,
        httpAllowHalfOpen: false,
        timeout: 120000,
        keepAliveTimeout: 5000,
        maxHeadersCount: null,
        headersTimeout: 40000,
        _connectionKey: '6::::8080',
        [Symbol(IncomingMessage)]: [Function],
        [Symbol(ServerResponse)]: [Function],
        [Symbol(asyncId)]: 10 },
     timeout: 120000,
     parser:
      HTTPParser {
        '0': [Function: parserOnHeaders],
        '1': [Function: parserOnHeadersComplete],
        '2': [Function: parserOnBody],
        '3': [Function: parserOnMessageComplete],
        '4': [Function: bound onParserExecute],
        _headers: [],
        _url: '',
        socket: [Circular],
        incoming: [Circular],
        outgoing: null,
        maxHeaderPairs: 2000,
        _consumed: true,
        onIncoming: [Function: bound parserOnIncoming],
        parsingHeadersStart: 0,
        [Symbol(isReused)]: false },
     on: [Function: socketOnWrap],
     _paused: false,
     _httpMessage:
      ServerResponse {
        _events: [Object],
        _eventsCount: 2,
        _maxListeners: undefined,
        output: [],
        outputEncodings: [],
        outputCallbacks: [],
        outputSize: 0,
        writable: true,
        _last: false,
        chunkedEncoding: false,
        shouldKeepAlive: true,
        useChunkedEncodingByDefault: true,
        sendDate: true,
        _removedConnection: false,
        _removedContLen: false,
        _removedTE: false,
        _contentLength: null,
        _hasBody: true,
        _trailer: '',
        finished: false,
        _headerSent: false,
        socket: [Circular],
        connection: [Circular],
        _header: null,
        _onPendingData: [Function: bound updateOutgoingData],
        _sent100: false,
        _expect_continue: false,
        req: [Circular],
        locals: [Object: null prototype] {},
        _startAt: undefined,
        _startTime: undefined,
        writeHead: [Function: writeHead],
        __onFinished: [Function],
        [Symbol(isCorked)]: false,
        [Symbol(outHeadersKey)]: [Object] },
     _peername: { address: '::1', family: 'IPv6', port: 60554 },
     [Symbol(asyncId)]: 153,
     [Symbol(lastWriteQueueSize)]: 0,
     [Symbol(timeout)]:
      Timeout {
        _called: false,
        _idleTimeout: 120000,
        _idlePrev: [TimersList],
        _idleNext: [TimersList],
        _idleStart: 10359,
        _onTimeout: [Function: bound ],
        _timerArgs: undefined,
        _repeat: null,
        _destroyed: false,
        [Symbol(unrefed)]: true,
        [Symbol(asyncId)]: 154,
        [Symbol(triggerId)]: 153 },
     [Symbol(kBytesRead)]: 0,
     [Symbol(kBytesWritten)]: 0 },
  _consuming: false,
  _dumped: false,
  next: [Function: next],
  baseUrl: '',
  originalUrl: '/user/photo/5dba7b69fa83c53ab136f1d3?1576741875649',
  _parsedUrl:
   Url {
     protocol: null,
     slashes: null,
     auth: null,
     host: null,
     port: null,
     hostname: null,
     hash: null,
     search: '?1576741875649',
     query: '1576741875649',
     pathname: '/user/photo/5dba7b69fa83c53ab136f1d3',
     path: '/user/photo/5dba7b69fa83c53ab136f1d3?1576741875649',
     href: '/user/photo/5dba7b69fa83c53ab136f1d3?1576741875649',
     _raw: '/user/photo/5dba7b69fa83c53ab136f1d3?1576741875649' },
  params: { userId: '5dba7b69fa83c53ab136f1d3' },
  query: { '1576741875649': '' },
  res:
   ServerResponse {
     _events:
      [Object: null prototype] { finish: [Array], end: [Function: onevent] },
     _eventsCount: 2,
     _maxListeners: undefined,
     output: [],
     outputEncodings: [],
     outputCallbacks: [],
     outputSize: 0,
     writable: true,
     _last: false,
     chunkedEncoding: false,
     shouldKeepAlive: true,
     useChunkedEncodingByDefault: true,
     sendDate: true,
     _removedConnection: false,
     _removedContLen: false,
     _removedTE: false,
     _contentLength: null,
     _hasBody: true,
     _trailer: '',
     finished: false,
     _headerSent: false,
     socket:
      Socket {
        connecting: false,
        _hadError: false,
        _handle: [TCP],
        _parent: null,
        _host: null,
        _readableState: [ReadableState],
        readable: true,
        _events: [Object],
        _eventsCount: 8,
        _maxListeners: undefined,
        _writableState: [WritableState],
        writable: true,
        allowHalfOpen: true,
        _sockname: null,
        _pendingData: null,
        _pendingEncoding: '',
        server: [Server],
        _server: [Server],
        timeout: 120000,
        parser: [HTTPParser],
        on: [Function: socketOnWrap],
        _paused: false,
        _httpMessage: [Circular],
        _peername: [Object],
        [Symbol(asyncId)]: 153,
        [Symbol(lastWriteQueueSize)]: 0,
        [Symbol(timeout)]:
         Timeout {
           _called: false,
           _idleTimeout: 120000,
           _idlePrev: [TimersList],
           _idleNext: [TimersList],
           _idleStart: 10359,
           _onTimeout: [Function: bound ],
           _timerArgs: undefined,
           _repeat: null,
           _destroyed: false,
           [Symbol(unrefed)]: true,
           [Symbol(asyncId)]: 154,
           [Symbol(triggerId)]: 153 },
        [Symbol(kBytesRead)]: 0,
        [Symbol(kBytesWritten)]: 0 },
     connection:
      Socket {
        connecting: false,
        _hadError: false,
        _handle: [TCP],
        _parent: null,
        _host: null,
        _readableState: [ReadableState],
        readable: true,
        _events: [Object],
        _eventsCount: 8,
        _maxListeners: undefined,
        _writableState: [WritableState],
        writable: true,
        allowHalfOpen: true,
        _sockname: null,
        _pendingData: null,
        _pendingEncoding: '',
        server: [Server],
        _server: [Server],
        timeout: 120000,
        parser: [HTTPParser],
        on: [Function: socketOnWrap],
        _paused: false,
        _httpMessage: [Circular],
        _peername: [Object],
        [Symbol(asyncId)]: 153,
        [Symbol(lastWriteQueueSize)]: 0,
        [Symbol(timeout)]:
         Timeout {
           _called: false,
           _idleTimeout: 120000,
           _idlePrev: [TimersList],
           _idleNext: [TimersList],
           _idleStart: 10359,
           _onTimeout: [Function: bound ],
           _timerArgs: undefined,
           _repeat: null,
           _destroyed: false,
           [Symbol(unrefed)]: true,
           [Symbol(asyncId)]: 154,
           [Symbol(triggerId)]: 153 },
        [Symbol(kBytesRead)]: 0,
        [Symbol(kBytesWritten)]: 0 },
     _header: null,
     _onPendingData: [Function: bound updateOutgoingData],
     _sent100: false,
     _expect_continue: false,
     req: [Circular],
     locals: [Object: null prototype] {},
     _startAt: undefined,
     _startTime: undefined,
     writeHead: [Function: writeHead],
     __onFinished: { [Function: listener] queue: [Array] },
     [Symbol(isCorked)]: false,
     [Symbol(outHeadersKey)]:
      [Object: null prototype] {
        'x-powered-by': [Array],
        'access-control-allow-origin': [Array] } },
  _startAt: [ 160770, 921751817 ],
  _startTime: 2019-12-19T07:51:15.661Z,
  _remoteAddress: '::1',
  body: {},
  secret: undefined,
  cookies: [Object: null prototype] {},
  signedCookies: [Object: null prototype] {},
  _validationCustomMethods: { sanitizers: {}, validators: {} },
  _validationErrors: [],
  _asyncValidationErrors: [],
  validationErrors: [Function],
  asyncValidationErrors: [Function],
  getValidationResult: [Function],
  sanitizeBody: [Function],
  sanitizeParams: [Function],
  sanitizeQuery: [Function],
  sanitizeCookies: [Function],
  sanitizeHeaders: [Function],
  sanitize: [Function],
  checkBody: [Function],
  checkParams: [Function],
  checkQuery: [Function],
  checkCookies: [Function],
  checkHeaders: [Function],
  check: [Function],
  filter: [Function],
  assert: [Function],
  validate: [Function],
  route:
   Route {
     path: '/user/photo/:userId',
     stack: [ [Layer] ],
     methods: { get: true } } }
[0mGET /user/photo/5dba7b69fa83c53ab136f1d3?1576741875649 [33m404 [0m118.399 ms - 174[0m
